2025.04.21 10:20:45 INFO  ce[][o.s.p.ProcessEntryPoint] Starting Compute Engine
2025.04.21 10:20:45 INFO  ce[][o.s.ce.app.CeServer] Compute Engine starting up...
2025.04.21 10:20:47 INFO  ce[][o.sonar.db.Database] Create JDBC data source for jdbc:postgresql://sonarqube-db:5432/sonar
2025.04.21 10:20:47 INFO  ce[][c.z.h.HikariDataSource] HikariPool-1 - Starting...
2025.04.21 10:20:48 INFO  ce[][c.z.h.p.HikariPool] HikariPool-1 - Added connection org.postgresql.jdbc.PgConnection@2d8c62ef
2025.04.21 10:20:48 INFO  ce[][c.z.h.HikariDataSource] HikariPool-1 - Start completed.
2025.04.21 10:20:53 INFO  ce[][o.s.s.p.ServerFileSystemImpl] SonarQube home: /opt/sonarqube
2025.04.21 10:20:54 INFO  ce[][o.s.c.c.CePluginRepository] Load plugins
2025.04.21 10:20:58 INFO  ce[][o.s.c.c.ComputeEngineContainerImpl] Running Community edition
2025.04.21 10:20:58 INFO  ce[][o.s.ce.app.CeServer] Compute Engine is started
2025.04.21 10:38:38 INFO  ce[][o.s.c.t.CeWorkerImpl] Execute task | project=meeting-room-reservation-system | type=REPORT | id=AZZX7a3OWdqBtHaGpATu | submitter=admin
2025.04.21 10:38:41 INFO  ce[AZZX7a3OWdqBtHaGpATu][o.s.c.t.s.ComputationStepExecutor] Extract report | status=SUCCESS | time=215ms
2025.04.21 10:38:41 INFO  ce[AZZX7a3OWdqBtHaGpATu][o.s.c.t.s.ComputationStepExecutor] Persist scanner context | status=SUCCESS | time=49ms
2025.04.21 10:38:41 INFO  ce[AZZX7a3OWdqBtHaGpATu][o.s.c.t.s.ComputationStepExecutor] Propagate analysis warnings from scanner report | status=SUCCESS | time=132ms
2025.04.21 10:38:41 INFO  ce[AZZX7a3OWdqBtHaGpATu][o.s.c.t.s.ComputationStepExecutor] Generate analysis UUID | status=SUCCESS | time=0ms
2025.04.21 10:38:42 INFO  ce[AZZX7a3OWdqBtHaGpATu][o.s.c.t.s.ComputationStepExecutor] Load analysis metadata | status=SUCCESS | time=388ms
2025.04.21 10:38:42 INFO  ce[AZZX7a3OWdqBtHaGpATu][o.s.c.t.s.ComputationStepExecutor] Initialize | status=SUCCESS | time=0ms
2025.04.21 10:38:42 INFO  ce[AZZX7a3OWdqBtHaGpATu][o.s.c.t.s.ComputationStepExecutor] Build tree of components | components=19 | status=SUCCESS | time=603ms
2025.04.21 10:38:43 INFO  ce[AZZX7a3OWdqBtHaGpATu][o.s.c.t.s.ComputationStepExecutor] Validate project | status=SUCCESS | time=26ms
2025.04.21 10:38:43 INFO  ce[AZZX7a3OWdqBtHaGpATu][o.s.s.e.EsClientProvider] Connected to local Elasticsearch: [http://localhost:9001]
2025.04.21 10:38:52 INFO  ce[AZZX7a3OWdqBtHaGpATu][o.s.c.t.s.ComputationStepExecutor] Load quality profiles | status=SUCCESS | time=7391ms
2025.04.21 10:38:52 INFO  ce[AZZX7a3OWdqBtHaGpATu][o.s.c.t.s.ComputationStepExecutor] Load file hashes and statuses | status=SUCCESS | time=40ms
2025.04.21 10:38:52 INFO  ce[AZZX7a3OWdqBtHaGpATu][o.s.c.t.s.ComputationStepExecutor] Load Quality gate | status=SUCCESS | time=139ms
2025.04.21 10:38:52 INFO  ce[AZZX7a3OWdqBtHaGpATu][o.s.c.t.s.ComputationStepExecutor] Load new code period | status=SUCCESS | time=44ms
2025.04.21 10:38:52 INFO  ce[AZZX7a3OWdqBtHaGpATu][o.s.c.t.s.ComputationStepExecutor] Detect file moves | status=SUCCESS | time=0ms
2025.04.21 10:38:52 INFO  ce[AZZX7a3OWdqBtHaGpATu][o.s.c.t.s.ComputationStepExecutor] Detect file moves in Pull Request scope | status=SUCCESS | time=0ms
2025.04.21 10:38:52 INFO  ce[AZZX7a3OWdqBtHaGpATu][o.s.c.t.s.ComputationStepExecutor] Load duplications | duplications=11 | status=SUCCESS | time=85ms
2025.04.21 10:38:52 INFO  ce[AZZX7a3OWdqBtHaGpATu][o.s.c.t.s.ComputationStepExecutor] Compute cross project duplications | status=SUCCESS | time=0ms
2025.04.21 10:38:53 INFO  ce[AZZX7a3OWdqBtHaGpATu][o.s.c.t.s.ComputationStepExecutor] Compute size measures | status=SUCCESS | time=134ms
2025.04.21 10:38:53 INFO  ce[AZZX7a3OWdqBtHaGpATu][o.s.c.t.s.ComputationStepExecutor] Compute new coverage | status=SUCCESS | time=20ms
2025.04.21 10:38:53 INFO  ce[AZZX7a3OWdqBtHaGpATu][o.s.c.t.s.ComputationStepExecutor] Compute coverage measures | status=SUCCESS | time=102ms
2025.04.21 10:38:53 INFO  ce[AZZX7a3OWdqBtHaGpATu][o.s.c.t.s.ComputationStepExecutor] Compute comment measures | status=SUCCESS | time=10ms
2025.04.21 10:38:53 INFO  ce[AZZX7a3OWdqBtHaGpATu][o.s.c.t.s.ComputationStepExecutor] Compute duplication measures | status=SUCCESS | time=15ms
2025.04.21 10:38:53 INFO  ce[AZZX7a3OWdqBtHaGpATu][o.s.c.t.s.ComputationStepExecutor] Compute size measures on new code | status=SUCCESS | time=7ms
2025.04.21 10:38:53 INFO  ce[AZZX7a3OWdqBtHaGpATu][o.s.c.t.s.ComputationStepExecutor] Compute language distribution | status=SUCCESS | time=274ms
2025.04.21 10:38:53 INFO  ce[AZZX7a3OWdqBtHaGpATu][o.s.c.t.s.ComputationStepExecutor] Compute test measures | status=SUCCESS | time=8ms
2025.04.21 10:38:53 INFO  ce[AZZX7a3OWdqBtHaGpATu][o.s.c.t.s.ComputationStepExecutor] Compute complexity measures | status=SUCCESS | time=33ms
2025.04.21 10:38:53 INFO  ce[AZZX7a3OWdqBtHaGpATu][o.s.c.t.s.ComputationStepExecutor] Load measure computers | status=SUCCESS | time=23ms
2025.04.21 10:38:53 INFO  ce[AZZX7a3OWdqBtHaGpATu][o.s.c.t.s.ComputationStepExecutor] Compute Quality Profile status | status=SUCCESS | time=20ms
2025.04.21 10:38:58 INFO  ce[AZZX7a3OWdqBtHaGpATu][o.s.c.t.s.ComputationStepExecutor] Execute component visitors | status=SUCCESS | time=3805ms
2025.04.21 10:38:58 INFO  ce[AZZX7a3OWdqBtHaGpATu][o.s.c.t.s.ComputationStepExecutor] Checks executed after computation of measures | status=SUCCESS | time=5ms
2025.04.21 10:38:58 INFO  ce[AZZX7a3OWdqBtHaGpATu][o.s.c.t.s.ComputationStepExecutor] Compute Quality Gate measures | status=SUCCESS | time=128ms
2025.04.21 10:38:58 INFO  ce[AZZX7a3OWdqBtHaGpATu][o.s.c.t.s.ComputationStepExecutor] Compute Quality profile measures | status=SUCCESS | time=47ms
2025.04.21 10:38:59 INFO  ce[AZZX7a3OWdqBtHaGpATu][o.s.c.t.s.ComputationStepExecutor] Generate Quality profile events | status=SUCCESS | time=5ms
2025.04.21 10:38:59 INFO  ce[AZZX7a3OWdqBtHaGpATu][o.s.c.t.s.ComputationStepExecutor] Generate Quality gate events | status=SUCCESS | time=5ms
2025.04.21 10:38:59 INFO  ce[AZZX7a3OWdqBtHaGpATu][o.s.c.t.s.ComputationStepExecutor] Check upgrade possibility for not analyzed code files. | status=SUCCESS | time=12ms
2025.04.21 10:38:59 INFO  ce[AZZX7a3OWdqBtHaGpATu][o.s.c.t.s.ComputationStepExecutor] Persist scanner analysis cache | status=SUCCESS | time=16ms
2025.04.21 10:38:59 INFO  ce[AZZX7a3OWdqBtHaGpATu][o.s.c.t.s.ComputationStepExecutor] Persist components | status=SUCCESS | time=172ms
2025.04.21 10:38:59 INFO  ce[AZZX7a3OWdqBtHaGpATu][o.s.c.t.s.ComputationStepExecutor] Persist analysis | status=SUCCESS | time=24ms
2025.04.21 10:38:59 INFO  ce[AZZX7a3OWdqBtHaGpATu][o.s.c.t.s.ComputationStepExecutor] Persist analysis properties | status=SUCCESS | time=29ms
2025.04.21 10:38:59 INFO  ce[AZZX7a3OWdqBtHaGpATu][o.s.c.t.s.ComputationStepExecutor] Persist measures | inserts=51 | status=SUCCESS | time=132ms
2025.04.21 10:39:00 INFO  ce[AZZX7a3OWdqBtHaGpATu][o.s.c.t.s.ComputationStepExecutor] Persist live measures | insertsOrUpdates=597 | status=SUCCESS | time=827ms
2025.04.21 10:39:00 INFO  ce[AZZX7a3OWdqBtHaGpATu][o.s.c.t.s.ComputationStepExecutor] Persist JSON measures | status=SUCCESS | time=12ms
2025.04.21 10:39:00 INFO  ce[AZZX7a3OWdqBtHaGpATu][o.s.c.t.s.ComputationStepExecutor] Persist duplication data | insertsOrUpdates=0 | status=SUCCESS | time=68ms
2025.04.21 10:39:00 INFO  ce[AZZX7a3OWdqBtHaGpATu][o.s.c.t.s.ComputationStepExecutor] Persist new ad hoc Rules | status=SUCCESS | time=5ms
2025.04.21 10:39:00 INFO  ce[AZZX7a3OWdqBtHaGpATu][o.s.c.t.s.ComputationStepExecutor] Persist issues | cacheSize=8.8 kB | inserts=16 | updates=0 | merged=0 | status=SUCCESS | time=194ms
2025.04.21 10:39:00 INFO  ce[AZZX7a3OWdqBtHaGpATu][o.s.c.t.s.ComputationStepExecutor] Delete issue changes | changes=0 | status=SUCCESS | time=1ms
2025.04.21 10:39:00 INFO  ce[AZZX7a3OWdqBtHaGpATu][o.s.c.t.s.ComputationStepExecutor] Persist project links | status=SUCCESS | time=20ms
2025.04.21 10:39:00 INFO  ce[AZZX7a3OWdqBtHaGpATu][o.s.c.t.s.ComputationStepExecutor] Persist events | status=SUCCESS | time=33ms
2025.04.21 10:39:01 INFO  ce[AZZX7a3OWdqBtHaGpATu][o.s.c.t.s.ComputationStepExecutor] Persist sources | status=SUCCESS | time=1025ms
2025.04.21 10:39:01 INFO  ce[AZZX7a3OWdqBtHaGpATu][o.s.c.t.s.ComputationStepExecutor] Persist cross project duplications | status=SUCCESS | time=0ms
2025.04.21 10:39:01 INFO  ce[AZZX7a3OWdqBtHaGpATu][o.s.c.t.s.ComputationStepExecutor] Enable analysis | status=SUCCESS | time=9ms
2025.04.21 10:39:01 INFO  ce[AZZX7a3OWdqBtHaGpATu][o.s.c.t.s.ComputationStepExecutor] Update last usage date of quality profiles | status=SUCCESS | time=30ms
2025.04.21 10:39:02 INFO  ce[AZZX7a3OWdqBtHaGpATu][o.s.c.t.s.ComputationStepExecutor] Purge db | status=SUCCESS | time=713ms
2025.04.21 10:39:04 INFO  ce[AZZX7a3OWdqBtHaGpATu][o.s.c.t.s.ComputationStepExecutor] Index analysis | status=SUCCESS | time=1511ms
2025.04.21 10:39:04 INFO  ce[AZZX7a3OWdqBtHaGpATu][o.s.c.t.s.ComputationStepExecutor] Update need issue sync for branch | status=SUCCESS | time=13ms
2025.04.21 10:39:04 INFO  ce[AZZX7a3OWdqBtHaGpATu][o.s.c.t.s.ComputationStepExecutor] Compute total Project ncloc | status=SUCCESS | time=30ms
2025.04.21 10:39:04 INFO  ce[AZZX7a3OWdqBtHaGpATu][o.s.c.t.s.ComputationStepExecutor] Publishing taint vulnerabilities events | status=SUCCESS | time=81ms
2025.04.21 10:39:04 INFO  ce[AZZX7a3OWdqBtHaGpATu][o.s.c.t.s.ComputationStepExecutor] Send issue notifications | newIssuesNotifs=0 | newIssuesDeliveries=0 | myNewIssuesNotifs=0 | myNewIssuesDeliveries=0 | changesNotifs=0 | changesDeliveries=0 | status=SUCCESS | time=34ms
2025.04.21 10:39:04 INFO  ce[AZZX7a3OWdqBtHaGpATu][o.s.c.t.s.ComputationStepExecutor] Publish task results | status=SUCCESS | time=5ms
2025.04.21 10:39:04 INFO  ce[AZZX7a3OWdqBtHaGpATu][o.s.c.t.s.ComputationStepExecutor] Trigger refresh of Portfolios and Applications | status=SUCCESS | time=0ms
2025.04.21 10:39:04 INFO  ce[AZZX7a3OWdqBtHaGpATu][o.s.c.t.p.a.p.PostProjectAnalysisTasksExecutor] Webhooks | globalWebhooks=0 | projectWebhooks=0 | status=SUCCESS | time=54ms
2025.04.21 10:39:04 INFO  ce[AZZX7a3OWdqBtHaGpATu][o.s.c.t.CeWorkerImpl] Executed task | project=meeting-room-reservation-system | type=REPORT | id=AZZX7a3OWdqBtHaGpATu | submitter=admin | status=SUCCESS | time=26440ms
